D:\ANIKET_ASSIGNMENTS\ASSIGNMENT6\ASSIGNMENT6\DEBUG\ASSIGNMENT6.EXE.EMBED.MANIFEST
D:\ANIKET_ASSIGNMENTS\ASSIGNMENT6\ASSIGNMENT6\DEBUG\ASSIGNMENT6.EXE.EMBED.MANIFEST.RES
D:\ANIKET_ASSIGNMENTS\ASSIGNMENT6\ASSIGNMENT6\DEBUG\ASSIGNMENT6.EXE.INTERMEDIATE.MANIFEST
D:\Aniket_Assignments\Assignment6\Assignment6\Debug\Assignment6.vcxprojResolveAssemblyReference.cache
D:\Aniket_Assignments\Assignment6\Assignment6\Debug\Assignment6.write.1.tlog
D:\Aniket_Assignments\Assignment6\Assignment6\Debug\Assignment6_manifest.rc
D:\Aniket_Assignments\Assignment6\Assignment6\Debug\cl.command.1.tlog
D:\Aniket_Assignments\Assignment6\Assignment6\Debug\CL.read.1.tlog
D:\Aniket_Assignments\Assignment6\Assignment6\Debug\CL.write.1.tlog
D:\Aniket_Assignments\Assignment6\Assignment6\Debug\link.19016.read.1.tlog
D:\Aniket_Assignments\Assignment6\Assignment6\Debug\link.19016.write.1.tlog
D:\Aniket_Assignments\Assignment6\Assignment6\Debug\link.19016-cvtres.read.1.tlog
D:\Aniket_Assignments\Assignment6\Assignment6\Debug\link.19016-cvtres.write.1.tlog
D:\Aniket_Assignments\Assignment6\Assignment6\Debug\link.20544.read.1.tlog
D:\Aniket_Assignments\Assignment6\Assignment6\Debug\link.20544.write.1.tlog
D:\Aniket_Assignments\Assignment6\Assignment6\Debug\link.20544-cvtres.read.1.tlog
D:\Aniket_Assignments\Assignment6\Assignment6\Debug\link.20544-cvtres.write.1.tlog
D:\Aniket_Assignments\Assignment6\Assignment6\Debug\link.22020.read.1.tlog
D:\Aniket_Assignments\Assignment6\Assignment6\Debug\link.22020.write.1.tlog
D:\Aniket_Assignments\Assignment6\Assignment6\Debug\link.22020-cvtres.read.1.tlog
D:\Aniket_Assignments\Assignment6\Assignment6\Debug\link.22020-cvtres.write.1.tlog
D:\Aniket_Assignments\Assignment6\Assignment6\Debug\link.command.1.tlog
D:\Aniket_Assignments\Assignment6\Assignment6\Debug\link.read.1.tlog
D:\Aniket_Assignments\Assignment6\Assignment6\Debug\link.write.1.tlog
D:\Aniket_Assignments\Assignment6\Assignment6\Debug\link-cvtres.read.1.tlog
D:\Aniket_Assignments\Assignment6\Assignment6\Debug\link-cvtres.write.1.tlog
D:\ANIKET_ASSIGNMENTS\ASSIGNMENT6\ASSIGNMENT6\DEBUG\MAIN.OBJ
D:\Aniket_Assignments\Assignment6\Assignment6\Debug\mt.command.1.tlog
D:\Aniket_Assignments\Assignment6\Assignment6\Debug\mt.read.1.tlog
D:\Aniket_Assignments\Assignment6\Assignment6\Debug\mt.write.1.tlog
D:\ANIKET_ASSIGNMENTS\ASSIGNMENT6\ASSIGNMENT6\DEBUG\MYSTRING.OBJ
D:\Aniket_Assignments\Assignment6\Assignment6\Debug\rc.command.1.tlog
D:\Aniket_Assignments\Assignment6\Assignment6\Debug\rc.read.1.tlog
D:\Aniket_Assignments\Assignment6\Assignment6\Debug\rc.write.1.tlog
D:\Aniket_Assignments\Assignment6\Assignment6\Debug\vc100.idb
D:\ANIKET_ASSIGNMENTS\ASSIGNMENT6\ASSIGNMENT6\DEBUG\VC100.PDB
D:\ANIKET_ASSIGNMENTS\ASSIGNMENT6\DEBUG\ASSIGNMENT6.EXE
D:\ANIKET_ASSIGNMENTS\ASSIGNMENT6\DEBUG\ASSIGNMENT6.ILK
D:\ANIKET_ASSIGNMENTS\ASSIGNMENT6\DEBUG\ASSIGNMENT6.PDB
