Build started 05-02-2025 3:13:38 PM.
     1>Project "D:\Aniket_Assignments\Assignment6\Assignment6\Assignment6.vcxproj" on node 2 (build target(s)).
     1>InitializeBuildStatus:
         Touching "Release\Assignment6.unsuccessfulbuild".
       ClCompile:
         All outputs are up-to-date.
       Link:
         C:\Program Files (x86)\Microsoft Visual Studio 10.0\VC\bin\link.exe /ERRORREPORT:PROMPT /OUT:"D:\Aniket_Assignments\Assignment6\Release\Assignment6.exe" /INCREMENTAL:NO /NOLOGO kernel32.lib user32.lib gdi32.lib winspool.lib comdlg32.lib advapi32.lib shell32.lib ole32.lib oleaut32.lib uuid.lib odbc32.lib odbccp32.lib /MANIFEST /ManifestFile:"Release\Assignment6.exe.intermediate.manifest" /MANIFESTUAC:"level='asInvoker' uiAccess='false'" /DEBUG /PDB:"D:\Aniket_Assignments\Assignment6\Release\Assignment6.pdb" /SUBSYSTEM:CONSOLE /OPT:REF /OPT:ICF /LTCG /TLBID:1 /DYNAMICBASE /NXCOMPAT /IMPLIB:"D:\Aniket_Assignments\Assignment6\Release\Assignment6.lib" /MACHINE:X86 Release\main.obj
         Release\MyString.obj
         Generating code
         Finished generating code
         Assignment6.vcxproj -> D:\Aniket_Assignments\Assignment6\Release\Assignment6.exe
       Manifest:
         C:\Program Files (x86)\Microsoft SDKs\Windows\v7.0A\bin\mt.exe /nologo /verbose /outputresource:"D:\Aniket_Assignments\Assignment6\Release\Assignment6.exe;#1" /manifest Release\Assignment6.exe.intermediate.manifest
       FinalizeBuildStatus:
         Deleting file "Release\Assignment6.unsuccessfulbuild".
         Touching "Release\Assignment6.lastbuildstate".
     1>Done Building Project "D:\Aniket_Assignments\Assignment6\Assignment6\Assignment6.vcxproj" (build target(s)).

Build succeeded.

Time Elapsed 00:00:00.48
